<?xml version="1.0" encoding="UTF-8"?>
<!-- Generated by org.testng.reporters.JUnitReportReporter -->
<testsuite hostname="DESKTOP-FPLV6LV" failures="0" tests="1" name="tests.SauceDemoEndToEndTest" time="2.713" errors="0" timestamp="2025-05-22T12:27:45 IST" skipped="0">
  <testcase classname="tests.SauceDemoEndToEndTest" name="endToEndSauceDemoTest" time="2.713"/>
</testsuite> <!-- tests.SauceDemoEndToEndTest -->
